<?xml version="1.0" encoding="UTF-8"?>
<testsuite name="mocks.ejercicio1.TestLogAnalyzer" tests="3" skipped="0" failures="0" errors="0" timestamp="2025-10-29T01:12:12" hostname="alieni" time="0.109">
  <properties/>
  <testcase name="analyzeWithValidFileName()" classname="mocks.ejercicio1.TestLogAnalyzer" time="0.079"/>
  <testcase name="analyzeWithInvalidFileNameWithException()" classname="mocks.ejercicio1.TestLogAnalyzer" time="0.022"/>
  <testcase name="analyzeWithInvalidFileNameWithoutException()" classname="mocks.ejercicio1.TestLogAnalyzer" time="0.002"/>
  <system-out><![CDATA[]]></system-out>
  <system-err><![CDATA[]]></system-err>
</testsuite>
