<?xml version="1.0" encoding="UTF-8"?>
<testsuite name="TestObservers" tests="4" skipped="0" failures="0" errors="0" timestamp="2025-09-14T18:43:10" hostname="alieni" time="0.037">
  <properties/>
  <testcase name="testCelsiusDisplay()" classname="TestObservers" time="0.019"/>
  <testcase name="testHeatIndexDisplay()" classname="TestObservers" time="0.002"/>
  <testcase name="testRemoveObserver()" classname="TestObservers" time="0.01"/>
  <testcase name="testThreeObservers()" classname="TestObservers" time="0.002"/>
  <system-out><![CDATA[26.666668 C degrees.
0.0 C degrees.
100.00001 C degrees.
The heat index is 76.93236
Current conditions: 80.0F degrees and 65.0% humidity
Avg/Max/Min temperature = 80.0/80.0/80.0
Forecast: Improving weather on the way!
Current conditions: 82.0F degrees and 70.0% humidity
Avg/Max/Min temperature = 81.0/82.0/80.0
Forecast: Watch out for cooler, rainy weather
Current conditions: 78.0F degrees and 90.0% humidity
Avg/Max/Min temperature = 80.0/82.0/78.0
Forecast: More of the same
Current conditions: 62.0F degrees and 90.0% humidity
Avg/Max/Min temperature = 75.5/82.0/62.0
Current conditions: 80.0F degrees and 65.0% humidity
Avg/Max/Min temperature = 80.0/80.0/80.0
Forecast: Improving weather on the way!
Current conditions: 82.0F degrees and 70.0% humidity
Avg/Max/Min temperature = 81.0/82.0/80.0
Forecast: Watch out for cooler, rainy weather
Current conditions: 78.0F degrees and 90.0% humidity
Avg/Max/Min temperature = 80.0/82.0/78.0
Forecast: More of the same
]]></system-out>
  <system-err><![CDATA[]]></system-err>
</testsuite>
